auto mode
auto setting
battery
battery charging system
battery life
body
button
camera
canon
casing
color
compactflash
control
delay
depth
design
dial
digital zoom
display
distortion
download
exposure control
finish
flash
focus
grain
highlight
image
image quality
lag
lag time
lcd
learning curve
lens
lens cap
lens cover
lense
lever
light auto correction
low light focus
macro
manual function
manual mode
memory card
menu
metering option
night mode
noise
optical zoom
performance
photo
photo quality
picture
picture quality
price
print
quality
raw format
raw image
service
shape
size
software
speed
spot metering
stitch picture
use
viewfinder
weight
white balance
white offset
zoom
zooming lever